<?xml version="1.0" encoding="UTF-8"?>
<!-- Generated by org.testng.reporters.JUnitReportReporter -->
<testsuite hostname="ASY-WIN10-74" failures="0" tests="5" name="com.example.TestRunner" time="131.594" errors="0" timestamp="2021-05-14T00:36:07 NZST" skipped="0">
  <testcase classname="com.example.TestRunner" name="runScenario" time="29.893"/>
  <system-out/>
  <testcase classname="com.example.TestRunner" name="runScenario" time="24.334"/>
  <system-out/>
  <testcase classname="com.example.TestRunner" name="runScenario" time="25.625"/>
  <system-out/>
  <testcase classname="com.example.TestRunner" name="runScenario" time="25.742"/>
  <system-out/>
  <testcase classname="com.example.TestRunner" name="runScenario" time="26.000"/>
  <system-out/>
</testsuite> <!-- com.example.TestRunner -->
