<?xml version="1.0" encoding="UTF-8"?>
<!-- Generated by org.testng.reporters.JUnitReportReporter -->
<testsuite hostname="ASY-WIN10-74" failures="0" tests="33" name="com.example.TestRunner" time="465.853" errors="0" timestamp="2021-05-13T20:55:03 NZST" skipped="0">
  <testcase classname="com.example.TestRunner" name="runScenario" time="15.065"/>
  <system-out/>
  <testcase classname="com.example.TestRunner" name="runScenario" time="12.196"/>
  <system-out/>
  <testcase classname="com.example.TestRunner" name="runScenario" time="16.130"/>
  <system-out/>
  <testcase classname="com.example.TestRunner" name="runScenario" time="10.629"/>
  <system-out/>
  <testcase classname="com.example.TestRunner" name="runScenario" time="15.939"/>
  <system-out/>
  <testcase classname="com.example.TestRunner" name="runScenario" time="12.084"/>
  <system-out/>
  <testcase classname="com.example.TestRunner" name="runScenario" time="11.538"/>
  <system-out/>
  <testcase classname="com.example.TestRunner" name="runScenario" time="14.949"/>
  <system-out/>
  <testcase classname="com.example.TestRunner" name="runScenario" time="14.162"/>
  <system-out/>
  <testcase classname="com.example.TestRunner" name="runScenario" time="13.489"/>
  <system-out/>
  <testcase classname="com.example.TestRunner" name="runScenario" time="16.688"/>
  <system-out/>
  <testcase classname="com.example.TestRunner" name="runScenario" time="10.417"/>
  <system-out/>
  <testcase classname="com.example.TestRunner" name="runScenario" time="12.463"/>
  <system-out/>
  <testcase classname="com.example.TestRunner" name="runScenario" time="15.691"/>
  <system-out/>
  <testcase classname="com.example.TestRunner" name="runScenario" time="20.914"/>
  <system-out/>
  <testcase classname="com.example.TestRunner" name="runScenario" time="16.697"/>
  <system-out/>
  <testcase classname="com.example.TestRunner" name="runScenario" time="10.279"/>
  <system-out/>
  <testcase classname="com.example.TestRunner" name="runScenario" time="14.480"/>
  <system-out/>
  <testcase classname="com.example.TestRunner" name="runScenario" time="13.679"/>
  <system-out/>
  <testcase classname="com.example.TestRunner" name="runScenario" time="11.382"/>
  <system-out/>
  <testcase classname="com.example.TestRunner" name="runScenario" time="14.982"/>
  <system-out/>
  <testcase classname="com.example.TestRunner" name="runScenario" time="15.816"/>
  <system-out/>
  <testcase classname="com.example.TestRunner" name="runScenario" time="13.359"/>
  <system-out/>
  <testcase classname="com.example.TestRunner" name="runScenario" time="15.804"/>
  <system-out/>
  <testcase classname="com.example.TestRunner" name="runScenario" time="12.265"/>
  <system-out/>
  <testcase classname="com.example.TestRunner" name="runScenario" time="17.136"/>
  <system-out/>
  <testcase classname="com.example.TestRunner" name="runScenario" time="15.869"/>
  <system-out/>
  <testcase classname="com.example.TestRunner" name="runScenario" time="15.155"/>
  <system-out/>
  <testcase classname="com.example.TestRunner" name="runScenario" time="17.947"/>
  <system-out/>
  <testcase classname="com.example.TestRunner" name="runScenario" time="12.807"/>
  <system-out/>
  <testcase classname="com.example.TestRunner" name="runScenario" time="11.417"/>
  <system-out/>
  <testcase classname="com.example.TestRunner" name="runScenario" time="10.507"/>
  <system-out/>
  <testcase classname="com.example.TestRunner" name="runScenario" time="13.918"/>
  <system-out/>
</testsuite> <!-- com.example.TestRunner -->
