<?xml version="1.0" encoding="UTF-8"?>
<testsuite xmlns:xsi="http://www.w3.org/2001/XMLSchema-instance" xsi:noNamespaceSchemaLocation="https://maven.apache.org/surefire/maven-surefire-plugin/xsd/surefire-test-report-3.0.xsd" version="3.0" name="TestSuite" time="141.67" tests="5" errors="0" skipped="0" failures="0">
  <properties>
    <property name="sun.desktop" value="windows"/>
    <property name="awt.toolkit" value="sun.awt.windows.WToolkit"/>
    <property name="java.specification.version" value="11"/>
    <property name="webdriver.chrome.driver" value="C:\Users\mondelop\Desktop\Java Selenium\WestPac4\sample-cucumber-testng\src\main\resources\chromedriver.exe"/>
    <property name="sun.cpu.isalist" value="amd64"/>
    <property name="sun.jnu.encoding" value="Cp1252"/>
    <property name="java.class.path" value="C:\Users\mondelop\Desktop\Xero\Xero\sample-cucumber-testng\target\test-classes;C:\Users\mondelop\Desktop\Xero\Xero\sample-cucumber-testng\target\classes;C:\Users\mondelop\.m2\repository\org\seleniumhq\selenium\selenium-java\3.141.59\selenium-java-3.141.59.jar;C:\Users\mondelop\.m2\repository\org\seleniumhq\selenium\selenium-api\3.141.59\selenium-api-3.141.59.jar;C:\Users\mondelop\.m2\repository\org\seleniumhq\selenium\selenium-chrome-driver\3.141.59\selenium-chrome-driver-3.141.59.jar;C:\Users\mondelop\.m2\repository\org\seleniumhq\selenium\selenium-edge-driver\3.141.59\selenium-edge-driver-3.141.59.jar;C:\Users\mondelop\.m2\repository\org\seleniumhq\selenium\selenium-firefox-driver\3.141.59\selenium-firefox-driver-3.141.59.jar;C:\Users\mondelop\.m2\repository\org\seleniumhq\selenium\selenium-ie-driver\3.141.59\selenium-ie-driver-3.141.59.jar;C:\Users\mondelop\.m2\repository\org\seleniumhq\selenium\selenium-opera-driver\3.141.59\selenium-opera-driver-3.141.59.jar;C:\Users\mondelop\.m2\repository\org\seleniumhq\selenium\selenium-remote-driver\3.141.59\selenium-remote-driver-3.141.59.jar;C:\Users\mondelop\.m2\repository\org\seleniumhq\selenium\selenium-safari-driver\3.141.59\selenium-safari-driver-3.141.59.jar;C:\Users\mondelop\.m2\repository\org\seleniumhq\selenium\selenium-support\3.141.59\selenium-support-3.141.59.jar;C:\Users\mondelop\.m2\repository\net\bytebuddy\byte-buddy\1.8.15\byte-buddy-1.8.15.jar;C:\Users\mondelop\.m2\repository\org\apache\commons\commons-exec\1.3\commons-exec-1.3.jar;C:\Users\mondelop\.m2\repository\com\google\guava\guava\25.0-jre\guava-25.0-jre.jar;C:\Users\mondelop\.m2\repository\com\google\code\findbugs\jsr305\1.3.9\jsr305-1.3.9.jar;C:\Users\mondelop\.m2\repository\org\checkerframework\checker-compat-qual\2.0.0\checker-compat-qual-2.0.0.jar;C:\Users\mondelop\.m2\repository\com\google\errorprone\error_prone_annotations\2.1.3\error_prone_annotations-2.1.3.jar;C:\Users\mondelop\.m2\repository\com\google\j2objc\j2objc-annotations\1.1\j2objc-annotations-1.1.jar;C:\Users\mondelop\.m2\repository\org\codehaus\mojo\animal-sniffer-annotations\1.14\animal-sniffer-annotations-1.14.jar;C:\Users\mondelop\.m2\repository\com\squareup\okhttp3\okhttp\3.11.0\okhttp-3.11.0.jar;C:\Users\mondelop\.m2\repository\com\squareup\okio\okio\1.14.0\okio-1.14.0.jar;C:\Users\mondelop\.m2\repository\org\testng\testng\7.3.0\testng-7.3.0.jar;C:\Users\mondelop\.m2\repository\com\beust\jcommander\1.78\jcommander-1.78.jar;C:\Users\mondelop\.m2\repository\org\apache\ant\ant\1.10.3\ant-1.10.3.jar;C:\Users\mondelop\.m2\repository\org\apache\ant\ant-launcher\1.10.3\ant-launcher-1.10.3.jar;C:\Users\mondelop\.m2\repository\junit\junit\4.12\junit-4.12.jar;C:\Users\mondelop\.m2\repository\org\hamcrest\hamcrest-core\1.3\hamcrest-core-1.3.jar;C:\Users\mondelop\.m2\repository\com\google\inject\guice\4.2.2\guice-4.2.2-no_aop.jar;C:\Users\mondelop\.m2\repository\javax\inject\javax.inject\1\javax.inject-1.jar;C:\Users\mondelop\.m2\repository\aopalliance\aopalliance\1.0\aopalliance-1.0.jar;C:\Users\mondelop\.m2\repository\org\yaml\snakeyaml\1.21\snakeyaml-1.21.jar;C:\Users\mondelop\.m2\repository\io\cucumber\cucumber-java\6.7.0\cucumber-java-6.7.0.jar;C:\Users\mondelop\.m2\repository\org\apiguardian\apiguardian-api\1.1.0\apiguardian-api-1.1.0.jar;C:\Users\mondelop\.m2\repository\io\cucumber\cucumber-testng\6.7.0\cucumber-testng-6.7.0.jar;C:\Users\mondelop\.m2\repository\io\cucumber\cucumber-core\6.7.0\cucumber-core-6.7.0.jar;C:\Users\mondelop\.m2\repository\io\cucumber\cucumber-gherkin\6.7.0\cucumber-gherkin-6.7.0.jar;C:\Users\mondelop\.m2\repository\io\cucumber\cucumber-gherkin-messages\6.7.0\cucumber-gherkin-messages-6.7.0.jar;C:\Users\mondelop\.m2\repository\io\cucumber\messages\13.0.1\messages-13.0.1.jar;C:\Users\mondelop\.m2\repository\io\cucumber\tag-expressions\3.0.0\tag-expressions-3.0.0.jar;C:\Users\mondelop\.m2\repository\io\cucumber\cucumber-expressions\10.3.0\cucumber-expressions-10.3.0.jar;C:\Users\mondelop\.m2\repository\io\cucumber\datatable\3.4.0\datatable-3.4.0.jar;C:\Users\mondelop\.m2\repository\io\cucumber\cucumber-plugin\6.7.0\cucumber-plugin-6.7.0.jar;C:\Users\mondelop\.m2\repository\io\cucumber\docstring\6.7.0\docstring-6.7.0.jar;C:\Users\mondelop\.m2\repository\io\cucumber\html-formatter\9.0.0\html-formatter-9.0.0.jar;C:\Users\mondelop\.m2\repository\io\cucumber\create-meta\2.0.2\create-meta-2.0.2.jar;"/>
    <property name="java.vm.vendor" value="Oracle Corporation"/>
    <property name="sun.arch.data.model" value="64"/>
    <property name="user.variant" value=""/>
    <property name="java.vendor.url" value="https://openjdk.java.net/"/>
    <property name="user.timezone" value="Pacific/Auckland"/>
    <property name="java.vm.specification.version" value="11"/>
    <property name="os.name" value="Windows 10"/>
    <property name="sun.java.launcher" value="SUN_STANDARD"/>
    <property name="user.country" value="NZ"/>
    <property name="sun.boot.library.path" value="C:\Program Files\Java\jdk-11.0.9\bin"/>
    <property name="sun.java.command" value="C:\Users\mondelop\AppData\Local\Temp\surefire15860185190818116265\surefirebooter10342955635884240359.jar C:\Users\mondelop\AppData\Local\Temp\surefire15860185190818116265 2021-05-14T00-33-44_874-jvmRun1 surefire11543586310092324042tmp surefire_08926664684055587925tmp"/>
    <property name="jdk.debug" value="release"/>
    <property name="surefire.test.class.path" value="C:\Users\mondelop\Desktop\Xero\Xero\sample-cucumber-testng\target\test-classes;C:\Users\mondelop\Desktop\Xero\Xero\sample-cucumber-testng\target\classes;C:\Users\mondelop\.m2\repository\org\seleniumhq\selenium\selenium-java\3.141.59\selenium-java-3.141.59.jar;C:\Users\mondelop\.m2\repository\org\seleniumhq\selenium\selenium-api\3.141.59\selenium-api-3.141.59.jar;C:\Users\mondelop\.m2\repository\org\seleniumhq\selenium\selenium-chrome-driver\3.141.59\selenium-chrome-driver-3.141.59.jar;C:\Users\mondelop\.m2\repository\org\seleniumhq\selenium\selenium-edge-driver\3.141.59\selenium-edge-driver-3.141.59.jar;C:\Users\mondelop\.m2\repository\org\seleniumhq\selenium\selenium-firefox-driver\3.141.59\selenium-firefox-driver-3.141.59.jar;C:\Users\mondelop\.m2\repository\org\seleniumhq\selenium\selenium-ie-driver\3.141.59\selenium-ie-driver-3.141.59.jar;C:\Users\mondelop\.m2\repository\org\seleniumhq\selenium\selenium-opera-driver\3.141.59\selenium-opera-driver-3.141.59.jar;C:\Users\mondelop\.m2\repository\org\seleniumhq\selenium\selenium-remote-driver\3.141.59\selenium-remote-driver-3.141.59.jar;C:\Users\mondelop\.m2\repository\org\seleniumhq\selenium\selenium-safari-driver\3.141.59\selenium-safari-driver-3.141.59.jar;C:\Users\mondelop\.m2\repository\org\seleniumhq\selenium\selenium-support\3.141.59\selenium-support-3.141.59.jar;C:\Users\mondelop\.m2\repository\net\bytebuddy\byte-buddy\1.8.15\byte-buddy-1.8.15.jar;C:\Users\mondelop\.m2\repository\org\apache\commons\commons-exec\1.3\commons-exec-1.3.jar;C:\Users\mondelop\.m2\repository\com\google\guava\guava\25.0-jre\guava-25.0-jre.jar;C:\Users\mondelop\.m2\repository\com\google\code\findbugs\jsr305\1.3.9\jsr305-1.3.9.jar;C:\Users\mondelop\.m2\repository\org\checkerframework\checker-compat-qual\2.0.0\checker-compat-qual-2.0.0.jar;C:\Users\mondelop\.m2\repository\com\google\errorprone\error_prone_annotations\2.1.3\error_prone_annotations-2.1.3.jar;C:\Users\mondelop\.m2\repository\com\google\j2objc\j2objc-annotations\1.1\j2objc-annotations-1.1.jar;C:\Users\mondelop\.m2\repository\org\codehaus\mojo\animal-sniffer-annotations\1.14\animal-sniffer-annotations-1.14.jar;C:\Users\mondelop\.m2\repository\com\squareup\okhttp3\okhttp\3.11.0\okhttp-3.11.0.jar;C:\Users\mondelop\.m2\repository\com\squareup\okio\okio\1.14.0\okio-1.14.0.jar;C:\Users\mondelop\.m2\repository\org\testng\testng\7.3.0\testng-7.3.0.jar;C:\Users\mondelop\.m2\repository\com\beust\jcommander\1.78\jcommander-1.78.jar;C:\Users\mondelop\.m2\repository\org\apache\ant\ant\1.10.3\ant-1.10.3.jar;C:\Users\mondelop\.m2\repository\org\apache\ant\ant-launcher\1.10.3\ant-launcher-1.10.3.jar;C:\Users\mondelop\.m2\repository\junit\junit\4.12\junit-4.12.jar;C:\Users\mondelop\.m2\repository\org\hamcrest\hamcrest-core\1.3\hamcrest-core-1.3.jar;C:\Users\mondelop\.m2\repository\com\google\inject\guice\4.2.2\guice-4.2.2-no_aop.jar;C:\Users\mondelop\.m2\repository\javax\inject\javax.inject\1\javax.inject-1.jar;C:\Users\mondelop\.m2\repository\aopalliance\aopalliance\1.0\aopalliance-1.0.jar;C:\Users\mondelop\.m2\repository\org\yaml\snakeyaml\1.21\snakeyaml-1.21.jar;C:\Users\mondelop\.m2\repository\io\cucumber\cucumber-java\6.7.0\cucumber-java-6.7.0.jar;C:\Users\mondelop\.m2\repository\org\apiguardian\apiguardian-api\1.1.0\apiguardian-api-1.1.0.jar;C:\Users\mondelop\.m2\repository\io\cucumber\cucumber-testng\6.7.0\cucumber-testng-6.7.0.jar;C:\Users\mondelop\.m2\repository\io\cucumber\cucumber-core\6.7.0\cucumber-core-6.7.0.jar;C:\Users\mondelop\.m2\repository\io\cucumber\cucumber-gherkin\6.7.0\cucumber-gherkin-6.7.0.jar;C:\Users\mondelop\.m2\repository\io\cucumber\cucumber-gherkin-messages\6.7.0\cucumber-gherkin-messages-6.7.0.jar;C:\Users\mondelop\.m2\repository\io\cucumber\messages\13.0.1\messages-13.0.1.jar;C:\Users\mondelop\.m2\repository\io\cucumber\tag-expressions\3.0.0\tag-expressions-3.0.0.jar;C:\Users\mondelop\.m2\repository\io\cucumber\cucumber-expressions\10.3.0\cucumber-expressions-10.3.0.jar;C:\Users\mondelop\.m2\repository\io\cucumber\datatable\3.4.0\datatable-3.4.0.jar;C:\Users\mondelop\.m2\repository\io\cucumber\cucumber-plugin\6.7.0\cucumber-plugin-6.7.0.jar;C:\Users\mondelop\.m2\repository\io\cucumber\docstring\6.7.0\docstring-6.7.0.jar;C:\Users\mondelop\.m2\repository\io\cucumber\html-formatter\9.0.0\html-formatter-9.0.0.jar;C:\Users\mondelop\.m2\repository\io\cucumber\create-meta\2.0.2\create-meta-2.0.2.jar;"/>
    <property name="sun.cpu.endian" value="little"/>
    <property name="user.home" value="C:\Users\mondelop"/>
    <property name="user.language" value="en"/>
    <property name="java.specification.vendor" value="Oracle Corporation"/>
    <property name="java.version.date" value="2020-10-20"/>
    <property name="java.home" value="C:\Program Files\Java\jdk-11.0.9"/>
    <property name="file.separator" value="\"/>
    <property name="basedir" value="C:\Users\mondelop\Desktop\Xero\Xero\sample-cucumber-testng"/>
    <property name="java.vm.compressedOopsMode" value="32-bit"/>
    <property name="line.separator" value="&#10;"/>
    <property name="java.specification.name" value="Java Platform API Specification"/>
    <property name="java.vm.specification.vendor" value="Oracle Corporation"/>
    <property name="java.awt.graphicsenv" value="sun.awt.Win32GraphicsEnvironment"/>
    <property name="surefire.real.class.path" value="C:\Users\mondelop\AppData\Local\Temp\surefire15860185190818116265\surefirebooter10342955635884240359.jar"/>
    <property name="user.script" value=""/>
    <property name="sun.management.compiler" value="HotSpot 64-Bit Tiered Compilers"/>
    <property name="java.runtime.version" value="11.0.9+7-LTS"/>
    <property name="user.name" value="mondelop"/>
    <property name="path.separator" value=";"/>
    <property name="os.version" value="10.0"/>
    <property name="java.runtime.name" value="Java(TM) SE Runtime Environment"/>
    <property name="file.encoding" value="Cp1252"/>
    <property name="java.vm.name" value="Java HotSpot(TM) 64-Bit Server VM"/>
    <property name="java.vendor.version" value="18.9"/>
    <property name="localRepository" value="C:\Users\mondelop\.m2\repository"/>
    <property name="java.vendor.url.bug" value="https://bugreport.java.com/bugreport/"/>
    <property name="java.io.tmpdir" value="C:\Users\mondelop\AppData\Local\Temp\"/>
    <property name="java.version" value="11.0.9"/>
    <property name="user.dir" value="C:\Users\mondelop\Desktop\Xero\Xero\sample-cucumber-testng"/>
    <property name="os.arch" value="amd64"/>
    <property name="java.vm.specification.name" value="Java Virtual Machine Specification"/>
    <property name="java.awt.printerjob" value="sun.awt.windows.WPrinterJob"/>
    <property name="sun.os.patch.level" value=""/>
    <property name="java.library.path" value="C:\Program Files\Java\jdk-11.0.9\bin;C:\WINDOWS\Sun\Java\bin;C:\WINDOWS\system32;C:\WINDOWS;C:\Program Files\Common Files\Oracle\Java\javapath;C:\Python27\;C:\Python27\Scripts;C:\Tools\Python\Scripts\;C:\Tools\Python\;C:\WINDOWS\system32;C:\WINDOWS;C:\WINDOWS\System32\Wbem;C:\WINDOWS\System32\WindowsPowerShell\v1.0\;C:\WINDOWS\System32\OpenSSH\;C:\Tools\Maven\apache-maven-3.6.2\apache-maven\src\bin;C:\Tools\Maven\apache-maven-3.6.2\bin;C:\Tools\Jmeter\apache-jmeter-5.1.1\bin;C:\Program Files (x86)\Micro Focus\Unified Functional Testing\bin;C:\Tools\Ruby\Ruby26-x64\bin;C:\Program Files\nodejs\;C:\ProgramData\chocolatey\bin;C:\Tools\adb\platform-tools;C:\Users\mondelop\AppData\Local\Android\Sdk\build-tools\29.0.3;C:\Users\mondelop\AppData\Local\Android\Sdk\emulator;C:\Program Files (x86)\GnuWin32\bin;C:\Program Files (x86)\Yarn\bin\;C:\Program Files\Zulu\zulu-11\bin\;C:\Program Files\Java\jdk-11.0.9\bin;C:\Program Files\Docker\Docker\resources\bin;C:\ProgramData\DockerDesktop\version-bin;C:\Program Files\dotnet\;C:\Program Files (x86)\dotnet\;C:\Program Files\Git\cmd;C:\Tools\Ruby\Ruby26-x64\bin;C:\Users\mondelop\AppData\Local\Microsoft\WindowsApps;C:\Tools\Java\lib\i386;C:\Tools\Maven\apache-maven-3.6.2\apache-maven\src\bin;C:\Program Files\JetBrains\IntelliJ IDEA Community Edition 2019.2.3\bin;C:\Program Files\JetBrains\PyCharm Community Edition 2019.2.3\bin;C:\Tools\Jmeter\apache-jmeter-5.1.1\bin;C:\Tools\Python\Scripts;C:\Tools\Python;C:\Users\mondelop\AppData\Roaming\npm;C:\Users\mondelop\AppData\Local\Programs\Microsoft VS Code\bin;C:\Users\mondelop\AppData\Local\Yarn\bin;C:\Users\mondelop\AppData\Local\GitHubDesktop\bin;C:\Users\mondelop\AppData\Local\Programs\Fiddler;C:\Program Files\Java\jdk-11.0.9\bin;C:\Users\mondelop\AppData\Local\Microsoft\WindowsApps;C:\Users\mondelop\.dotnet\tools;."/>
    <property name="java.vendor" value="Oracle Corporation"/>
    <property name="java.vm.info" value="mixed mode"/>
    <property name="java.vm.version" value="11.0.9+7-LTS"/>
    <property name="sun.io.unicode.encoding" value="UnicodeLittle"/>
    <property name="java.class.version" value="55.0"/>
  </properties>
  <testcase name="runScenario[&quot;Validate that a Xero user can add an ANZ NZ Bank Account to a Xero Organization(account type = Everyday Day to Day)&quot;, &quot;Optional.empty&quot;](1)" classname="com.example.TestRunner" time="30.202">
    <system-out><![CDATA[
@xero
Scenario Outline: Validate that a Xero user can add an ANZ NZ Bank Account to a Xero Organization(account type = Everyday Day to Day) &amp#27;[90m# src/test/resources/features/Xero.feature:25&amp#27;[0m
  &amp#27;[32mGiven &amp#27;[0m&amp#27;[32mLaunch Application&amp#27;[0m                                                                                                            &amp#27;[90m# com.example.StepDefinitions.LoginStepDefs.openApplication()&amp#27;[0m
  &amp#27;[32mGiven &amp#27;[0m&amp#27;[32mUser enters &amp#27;[0m&amp#27;[32m&amp#27;[1mpaolo.dominic.mondelo@gmail.com&amp#27;[0m&amp#27;[32m and &amp#27;[0m&amp#27;[32m&amp#27;[1m8073380a&amp#27;[0m                                                                      &amp#27;[90m# com.example.StepDefinitions.LoginStepDefs.userEntersUsernameAndPassword(java.lang.String,java.lang.String)&amp#27;[0m
  &amp#27;[32mAnd &amp#27;[0m&amp#27;[32mUser clicks on submit button&amp#27;[0m                                                                                                    &amp#27;[90m# com.example.StepDefinitions.LoginStepDefs.userClicksOnSubmitButton()&amp#27;[0m
  &amp#27;[32mAnd &amp#27;[0m&amp#27;[32mSkips the setup security layer&amp#27;[0m                                                                                                  &amp#27;[90m# com.example.StepDefinitions.LoginStepDefs.skipsTheSetupSecurityLayer()&amp#27;[0m
  &amp#27;[32mWhen &amp#27;[0m&amp#27;[32mThe user visits the accounting page&amp#27;[0m                                                                                            &amp#27;[90m# com.example.StepDefinitions.AccountingStepDefs.theUserVisitsTheAccountingPage()&amp#27;[0m
Bank accounts
  &amp#27;[32mAnd &amp#27;[0m&amp#27;[32mVisits the Bank Accounts page&amp#27;[0m                                                                                                   &amp#27;[90m# com.example.StepDefinitions.BankAccountStepDefs.visitsTheBankAccountsPage()&amp#27;[0m
  &amp#27;[32mAnd &amp#27;[0m&amp#27;[32mSelects ANZ-NZ as bank&amp#27;[0m                                                                                                          &amp#27;[90m# com.example.StepDefinitions.BankAccountStepDefs.selectsANZNZAsBank()&amp#27;[0m
BA1872172785
BA1872172785
  &amp#27;[32mAnd &amp#27;[0m&amp#27;[32mEnters account name with prefix of &amp#27;[0m&amp#27;[32m&amp#27;[1mBA&amp#27;[0m                                                                                           &amp#27;[90m# com.example.StepDefinitions.BankAccountStepDefs.entersAccountName(java.lang.String)&amp#27;[0m
  &amp#27;[32mAnd &amp#27;[0m&amp#27;[32mEnters account type = Everyday Day to Day&amp#27;[0m                                                                                       &amp#27;[90m# com.example.StepDefinitions.BankAccountStepDefs.entersAccountTypeEverydayDayToDay()&amp#27;[0m
  &amp#27;[32mAnd &amp#27;[0m&amp#27;[32mEnters account number &amp#27;[0m&amp#27;[32m&amp#27;[1msds2342342342&amp#27;[0m&amp#27;[32m and click continue&amp#27;[0m                                                                          &amp#27;[90m# com.example.StepDefinitions.BankAccountStepDefs.entersAccountNumberAccountnumber(java.lang.String)&amp#27;[0m
   BA1872172785 has been added.
  &amp#27;[32mThen &amp#27;[0m&amp#27;[32mBank account should be successfully created&amp#27;[0m                                                                                    &amp#27;[90m# com.example.StepDefinitions.BankAccountStepDefs.bankAccountShouldBeSuccessfullyCreated()&amp#27;[0m
]]></system-out>
    <system-err><![CDATA[Starting ChromeDriver 90.0.4430.24 (4c6d850f087da467d926e8eddb76550aed655991-refs/branch-heads/4430@{#429}) on port 37248
Only local connections are allowed.
Please see https://chromedriver.chromium.org/security-considerations for suggestions on keeping ChromeDriver safe.
ChromeDriver was started successfully.
May 14, 2021 12:33:55 AM org.openqa.selenium.remote.ProtocolHandshake createSession
INFO: Detected dialect: W3C
]]></system-err>
  </testcase>
  <testcase name="runScenario[&quot;Validate that a Xero user can add an ANZ NZ Bank Account to a Xero Organization(account type = Loan)&quot;, &quot;Optional.empty&quot;](2)" classname="com.example.TestRunner" time="25.683">
    <system-out><![CDATA[
@xero
Scenario Outline: Validate that a Xero user can add an ANZ NZ Bank Account to a Xero Organization(account type = Loan) &amp#27;[90m# src/test/resources/features/Xero.feature:42&amp#27;[0m
  &amp#27;[32mGiven &amp#27;[0m&amp#27;[32mLaunch Application&amp#27;[0m                                                                                             &amp#27;[90m# com.example.StepDefinitions.LoginStepDefs.openApplication()&amp#27;[0m
  &amp#27;[32mGiven &amp#27;[0m&amp#27;[32mUser enters &amp#27;[0m&amp#27;[32m&amp#27;[1mpaolo.dominic.mondelo@gmail.com&amp#27;[0m&amp#27;[32m and &amp#27;[0m&amp#27;[32m&amp#27;[1m8073380a&amp#27;[0m                                                       &amp#27;[90m# com.example.StepDefinitions.LoginStepDefs.userEntersUsernameAndPassword(java.lang.String,java.lang.String)&amp#27;[0m
  &amp#27;[32mAnd &amp#27;[0m&amp#27;[32mUser clicks on submit button&amp#27;[0m                                                                                     &amp#27;[90m# com.example.StepDefinitions.LoginStepDefs.userClicksOnSubmitButton()&amp#27;[0m
  &amp#27;[32mAnd &amp#27;[0m&amp#27;[32mSkips the setup security layer&amp#27;[0m                                                                                   &amp#27;[90m# com.example.StepDefinitions.LoginStepDefs.skipsTheSetupSecurityLayer()&amp#27;[0m
  &amp#27;[32mWhen &amp#27;[0m&amp#27;[32mThe user visits the accounting page&amp#27;[0m                                                                             &amp#27;[90m# com.example.StepDefinitions.AccountingStepDefs.theUserVisitsTheAccountingPage()&amp#27;[0m
Bank accounts
  &amp#27;[32mAnd &amp#27;[0m&amp#27;[32mVisits the Bank Accounts page&amp#27;[0m                                                                                    &amp#27;[90m# com.example.StepDefinitions.BankAccountStepDefs.visitsTheBankAccountsPage()&amp#27;[0m
  &amp#27;[32mAnd &amp#27;[0m&amp#27;[32mSelects ANZ-NZ as bank&amp#27;[0m                                                                                           &amp#27;[90m# com.example.StepDefinitions.BankAccountStepDefs.selectsANZNZAsBank()&amp#27;[0m
BA1296120418
BA1296120418
  &amp#27;[32mAnd &amp#27;[0m&amp#27;[32mEnters account name with prefix of &amp#27;[0m&amp#27;[32m&amp#27;[1mBA&amp#27;[0m                                                                            &amp#27;[90m# com.example.StepDefinitions.BankAccountStepDefs.entersAccountName(java.lang.String)&amp#27;[0m
  &amp#27;[32mAnd &amp#27;[0m&amp#27;[32mEnters account type = Loan&amp#27;[0m                                                                                       &amp#27;[90m# com.example.StepDefinitions.BankAccountStepDefs.entersAccountTypeLoan()&amp#27;[0m
  &amp#27;[32mAnd &amp#27;[0m&amp#27;[32mEnters account number &amp#27;[0m&amp#27;[32m&amp#27;[1msds2342342342&amp#27;[0m&amp#27;[32m and click continue&amp#27;[0m                                                           &amp#27;[90m# com.example.StepDefinitions.BankAccountStepDefs.entersAccountNumberAccountnumber(java.lang.String)&amp#27;[0m
   BA1296120418 has been added.
  &amp#27;[32mThen &amp#27;[0m&amp#27;[32mBank account should be successfully created&amp#27;[0m                                                                     &amp#27;[90m# com.example.StepDefinitions.BankAccountStepDefs.bankAccountShouldBeSuccessfullyCreated()&amp#27;[0m
]]></system-out>
    <system-err><![CDATA[Starting ChromeDriver 90.0.4430.24 (4c6d850f087da467d926e8eddb76550aed655991-refs/branch-heads/4430@{#429}) on port 4191
Only local connections are allowed.
Please see https://chromedriver.chromium.org/security-considerations for suggestions on keeping ChromeDriver safe.
ChromeDriver was started successfully.
May 14, 2021 12:34:23 AM org.openqa.selenium.remote.ProtocolHandshake createSession
INFO: Detected dialect: W3C
]]></system-err>
  </testcase>
  <testcase name="runScenario[&quot;Validate that a Xero user can add an ANZ NZ Bank Account to a Xero Organization(account type = Term Deposit)&quot;, &quot;Optional.empty&quot;](3)" classname="com.example.TestRunner" time="24.332">
    <system-out><![CDATA[
@xero
Scenario Outline: Validate that a Xero user can add an ANZ NZ Bank Account to a Xero Organization(account type = Term Deposit) &amp#27;[90m# src/test/resources/features/Xero.feature:59&amp#27;[0m
  &amp#27;[32mGiven &amp#27;[0m&amp#27;[32mLaunch Application&amp#27;[0m                                                                                                     &amp#27;[90m# com.example.StepDefinitions.LoginStepDefs.openApplication()&amp#27;[0m
  &amp#27;[32mGiven &amp#27;[0m&amp#27;[32mUser enters &amp#27;[0m&amp#27;[32m&amp#27;[1mpaolo.dominic.mondelo@gmail.com&amp#27;[0m&amp#27;[32m and &amp#27;[0m&amp#27;[32m&amp#27;[1m8073380a&amp#27;[0m                                                               &amp#27;[90m# com.example.StepDefinitions.LoginStepDefs.userEntersUsernameAndPassword(java.lang.String,java.lang.String)&amp#27;[0m
  &amp#27;[32mAnd &amp#27;[0m&amp#27;[32mUser clicks on submit button&amp#27;[0m                                                                                             &amp#27;[90m# com.example.StepDefinitions.LoginStepDefs.userClicksOnSubmitButton()&amp#27;[0m
  &amp#27;[32mAnd &amp#27;[0m&amp#27;[32mSkips the setup security layer&amp#27;[0m                                                                                           &amp#27;[90m# com.example.StepDefinitions.LoginStepDefs.skipsTheSetupSecurityLayer()&amp#27;[0m
  &amp#27;[32mWhen &amp#27;[0m&amp#27;[32mThe user visits the accounting page&amp#27;[0m                                                                                     &amp#27;[90m# com.example.StepDefinitions.AccountingStepDefs.theUserVisitsTheAccountingPage()&amp#27;[0m
Bank accounts
  &amp#27;[32mAnd &amp#27;[0m&amp#27;[32mVisits the Bank Accounts page&amp#27;[0m                                                                                            &amp#27;[90m# com.example.StepDefinitions.BankAccountStepDefs.visitsTheBankAccountsPage()&amp#27;[0m
  &amp#27;[32mAnd &amp#27;[0m&amp#27;[32mSelects ANZ-NZ as bank&amp#27;[0m                                                                                                   &amp#27;[90m# com.example.StepDefinitions.BankAccountStepDefs.selectsANZNZAsBank()&amp#27;[0m
BA602194660
BA602194660
  &amp#27;[32mAnd &amp#27;[0m&amp#27;[32mEnters account name with prefix of &amp#27;[0m&amp#27;[32m&amp#27;[1mBA&amp#27;[0m                                                                                    &amp#27;[90m# com.example.StepDefinitions.BankAccountStepDefs.entersAccountName(java.lang.String)&amp#27;[0m
  &amp#27;[32mAnd &amp#27;[0m&amp#27;[32mEnters account type = Term Deposit&amp#27;[0m                                                                                       &amp#27;[90m# com.example.StepDefinitions.BankAccountStepDefs.entersAccountTypeTermDeposit()&amp#27;[0m
  &amp#27;[32mAnd &amp#27;[0m&amp#27;[32mEnters account number &amp#27;[0m&amp#27;[32m&amp#27;[1msds2342342342&amp#27;[0m&amp#27;[32m and click continue&amp#27;[0m                                                                   &amp#27;[90m# com.example.StepDefinitions.BankAccountStepDefs.entersAccountNumberAccountnumber(java.lang.String)&amp#27;[0m
   BA602194660 has been added.
  &amp#27;[32mThen &amp#27;[0m&amp#27;[32mBank account should be successfully created&amp#27;[0m                                                                             &amp#27;[90m# com.example.StepDefinitions.BankAccountStepDefs.bankAccountShouldBeSuccessfullyCreated()&amp#27;[0m
]]></system-out>
    <system-err><![CDATA[Starting ChromeDriver 90.0.4430.24 (4c6d850f087da467d926e8eddb76550aed655991-refs/branch-heads/4430@{#429}) on port 23894
Only local connections are allowed.
Please see https://chromedriver.chromium.org/security-considerations for suggestions on keeping ChromeDriver safe.
ChromeDriver was started successfully.
May 14, 2021 12:34:49 AM org.openqa.selenium.remote.ProtocolHandshake createSession
INFO: Detected dialect: W3C
]]></system-err>
  </testcase>
  <testcase name="runScenario[&quot;Validate that a Xero user can add an ANZ NZ Bank Account to a Xero Organization(account type = Other)&quot;, &quot;Optional.empty&quot;](4)" classname="com.example.TestRunner" time="25.641">
    <system-out><![CDATA[
@xero
Scenario Outline: Validate that a Xero user can add an ANZ NZ Bank Account to a Xero Organization(account type = Other) &amp#27;[90m# src/test/resources/features/Xero.feature:76&amp#27;[0m
  &amp#27;[32mGiven &amp#27;[0m&amp#27;[32mLaunch Application&amp#27;[0m                                                                                              &amp#27;[90m# com.example.StepDefinitions.LoginStepDefs.openApplication()&amp#27;[0m
  &amp#27;[32mGiven &amp#27;[0m&amp#27;[32mUser enters &amp#27;[0m&amp#27;[32m&amp#27;[1mpaolo.dominic.mondelo@gmail.com&amp#27;[0m&amp#27;[32m and &amp#27;[0m&amp#27;[32m&amp#27;[1m8073380a&amp#27;[0m                                                        &amp#27;[90m# com.example.StepDefinitions.LoginStepDefs.userEntersUsernameAndPassword(java.lang.String,java.lang.String)&amp#27;[0m
  &amp#27;[32mAnd &amp#27;[0m&amp#27;[32mUser clicks on submit button&amp#27;[0m                                                                                      &amp#27;[90m# com.example.StepDefinitions.LoginStepDefs.userClicksOnSubmitButton()&amp#27;[0m
  &amp#27;[32mAnd &amp#27;[0m&amp#27;[32mSkips the setup security layer&amp#27;[0m                                                                                    &amp#27;[90m# com.example.StepDefinitions.LoginStepDefs.skipsTheSetupSecurityLayer()&amp#27;[0m
  &amp#27;[32mWhen &amp#27;[0m&amp#27;[32mThe user visits the accounting page&amp#27;[0m                                                                              &amp#27;[90m# com.example.StepDefinitions.AccountingStepDefs.theUserVisitsTheAccountingPage()&amp#27;[0m
Bank accounts
  &amp#27;[32mAnd &amp#27;[0m&amp#27;[32mVisits the Bank Accounts page&amp#27;[0m                                                                                     &amp#27;[90m# com.example.StepDefinitions.BankAccountStepDefs.visitsTheBankAccountsPage()&amp#27;[0m
  &amp#27;[32mAnd &amp#27;[0m&amp#27;[32mSelects ANZ-NZ as bank&amp#27;[0m                                                                                            &amp#27;[90m# com.example.StepDefinitions.BankAccountStepDefs.selectsANZNZAsBank()&amp#27;[0m
BA943188736
BA943188736
  &amp#27;[32mAnd &amp#27;[0m&amp#27;[32mEnters account name with prefix of &amp#27;[0m&amp#27;[32m&amp#27;[1mBA&amp#27;[0m                                                                             &amp#27;[90m# com.example.StepDefinitions.BankAccountStepDefs.entersAccountName(java.lang.String)&amp#27;[0m
  &amp#27;[32mAnd &amp#27;[0m&amp#27;[32mEnters account type = Other&amp#27;[0m                                                                                       &amp#27;[90m# com.example.StepDefinitions.BankAccountStepDefs.entersAccountTypeOther()&amp#27;[0m
  &amp#27;[32mAnd &amp#27;[0m&amp#27;[32mEnters account number &amp#27;[0m&amp#27;[32m&amp#27;[1msds2342342342&amp#27;[0m&amp#27;[32m and click continue&amp#27;[0m                                                            &amp#27;[90m# com.example.StepDefinitions.BankAccountStepDefs.entersAccountNumberAccountnumber(java.lang.String)&amp#27;[0m
   BA943188736 has been added.
  &amp#27;[32mThen &amp#27;[0m&amp#27;[32mBank account should be successfully created&amp#27;[0m                                                                      &amp#27;[90m# com.example.StepDefinitions.BankAccountStepDefs.bankAccountShouldBeSuccessfullyCreated()&amp#27;[0m
]]></system-out>
    <system-err><![CDATA[Starting ChromeDriver 90.0.4430.24 (4c6d850f087da467d926e8eddb76550aed655991-refs/branch-heads/4430@{#429}) on port 14228
Only local connections are allowed.
Please see https://chromedriver.chromium.org/security-considerations for suggestions on keeping ChromeDriver safe.
ChromeDriver was started successfully.
May 14, 2021 12:35:13 AM org.openqa.selenium.remote.ProtocolHandshake createSession
INFO: Detected dialect: W3C
]]></system-err>
  </testcase>
  <testcase name="runScenario[&quot;Validate that a Xero user can add an ANZ NZ Bank Account to a Xero Organization(account type = Credit Card)&quot;, &quot;Optional.empty&quot;](5)" classname="com.example.TestRunner" time="26.28">
    <system-out><![CDATA[
@xero
Scenario Outline: Validate that a Xero user can add an ANZ NZ Bank Account to a Xero Organization(account type = Credit Card) &amp#27;[90m# src/test/resources/features/Xero.feature:93&amp#27;[0m
  &amp#27;[32mGiven &amp#27;[0m&amp#27;[32mLaunch Application&amp#27;[0m                                                                                                    &amp#27;[90m# com.example.StepDefinitions.LoginStepDefs.openApplication()&amp#27;[0m
  &amp#27;[32mGiven &amp#27;[0m&amp#27;[32mUser enters &amp#27;[0m&amp#27;[32m&amp#27;[1mpaolo.dominic.mondelo@gmail.com&amp#27;[0m&amp#27;[32m and &amp#27;[0m&amp#27;[32m&amp#27;[1m8073380a&amp#27;[0m                                                              &amp#27;[90m# com.example.StepDefinitions.LoginStepDefs.userEntersUsernameAndPassword(java.lang.String,java.lang.String)&amp#27;[0m
  &amp#27;[32mAnd &amp#27;[0m&amp#27;[32mUser clicks on submit button&amp#27;[0m                                                                                            &amp#27;[90m# com.example.StepDefinitions.LoginStepDefs.userClicksOnSubmitButton()&amp#27;[0m
  &amp#27;[32mAnd &amp#27;[0m&amp#27;[32mSkips the setup security layer&amp#27;[0m                                                                                          &amp#27;[90m# com.example.StepDefinitions.LoginStepDefs.skipsTheSetupSecurityLayer()&amp#27;[0m
  &amp#27;[32mWhen &amp#27;[0m&amp#27;[32mThe user visits the accounting page&amp#27;[0m                                                                                    &amp#27;[90m# com.example.StepDefinitions.AccountingStepDefs.theUserVisitsTheAccountingPage()&amp#27;[0m
Bank accounts
  &amp#27;[32mAnd &amp#27;[0m&amp#27;[32mVisits the Bank Accounts page&amp#27;[0m                                                                                           &amp#27;[90m# com.example.StepDefinitions.BankAccountStepDefs.visitsTheBankAccountsPage()&amp#27;[0m
  &amp#27;[32mAnd &amp#27;[0m&amp#27;[32mSelects ANZ-NZ as bank&amp#27;[0m                                                                                                  &amp#27;[90m# com.example.StepDefinitions.BankAccountStepDefs.selectsANZNZAsBank()&amp#27;[0m
BA339504994
BA339504994
  &amp#27;[32mAnd &amp#27;[0m&amp#27;[32mEnters account name with prefix of &amp#27;[0m&amp#27;[32m&amp#27;[1mBA&amp#27;[0m                                                                                   &amp#27;[90m# com.example.StepDefinitions.BankAccountStepDefs.entersAccountName(java.lang.String)&amp#27;[0m
  &amp#27;[32mAnd &amp#27;[0m&amp#27;[32mEnters account type = Credit Card&amp#27;[0m                                                                                       &amp#27;[90m# com.example.StepDefinitions.BankAccountStepDefs.entersAccountTypeCreditCard()&amp#27;[0m
  &amp#27;[32mAnd &amp#27;[0m&amp#27;[32mEnters Credit Card Number &amp#27;[0m&amp#27;[32m&amp#27;[1m7777&amp#27;[0m&amp#27;[32m and click continue&amp#27;[0m                                                                       &amp#27;[90m# com.example.StepDefinitions.BankAccountStepDefs.entersCreditCardNumberCreditcardnumAndClickContinue(java.lang.String)&amp#27;[0m
   BA339504994 has been added.
  &amp#27;[32mThen &amp#27;[0m&amp#27;[32mBank account should be successfully created&amp#27;[0m                                                                            &amp#27;[90m# com.example.StepDefinitions.BankAccountStepDefs.bankAccountShouldBeSuccessfullyCreated()&amp#27;[0m
]]></system-out>
    <system-err><![CDATA[Starting ChromeDriver 90.0.4430.24 (4c6d850f087da467d926e8eddb76550aed655991-refs/branch-heads/4430@{#429}) on port 28742
Only local connections are allowed.
Please see https://chromedriver.chromium.org/security-considerations for suggestions on keeping ChromeDriver safe.
ChromeDriver was started successfully.
May 14, 2021 12:35:39 AM org.openqa.selenium.remote.ProtocolHandshake createSession
INFO: Detected dialect: W3C
]]></system-err>
  </testcase>
</testsuite>